C51 COMPILER V9.60.0.0   EXPERIMENTO1                                                      10/01/2021 00:57:04 PAGE 1   


C51 COMPILER V9.60.0.0, COMPILATION OF MODULE EXPERIMENTO1
OBJECT MODULE PLACED IN .\Objects\Experimento1.obj
COMPILER INVOKED BY: C:\Keil_v5\C51\BIN\C51.EXE Experimento1.c OPTIMIZE(8,SPEED) BROWSE DEBUG OBJECTEXTEND PRINT(.\Listi
                    -ngs\Experimento1.lst) TABS(2) OBJECT(.\Objects\Experimento1.obj)

line level    source

   1          #include <REG51F.H>
   2          
   3          void main() {
   4   1        while(1) {
   5   2          
   6   2          // Verificando se o bit0 de P2 é 1
   7   2          if((P2 & 0x01) == 0x01) 
   8   2            // Atribuição dos 4 bits menos significados de P0 aos 4 bits menos significativos de P1
   9   2            P1 = (P1 | 0x0F) & (P0 | 0xF0);
  10   2          else
  11   2            // Senão, atribuo zero aos 4 bits menos significativos de P1
  12   2            P1 = P1 & 0xF0;
  13   2        
  14   2          // Verificando se o bit1 de P2 == 1
  15   2          if((P2 & 0x02) == 0x02)
  16   2            // Atribuo os 4 bits mais significativos de P0 aos 4 bits mais significativos de P1
  17   2            P1 = (P1 | 0xF0) & (P0 | 0x0F);
  18   2          else
  19   2            // Senão, atribuo zero aos 4 bits mais significativos de P1.
  20   2            P1 = P1 & 0x0F;
  21   2        }
  22   1      }


MODULE INFORMATION:   STATIC OVERLAYABLE
   CODE SIZE        =     52    ----
   CONSTANT SIZE    =   ----    ----
   XDATA SIZE       =   ----    ----
   PDATA SIZE       =   ----    ----
   DATA SIZE        =   ----    ----
   IDATA SIZE       =   ----    ----
   BIT SIZE         =   ----    ----
END OF MODULE INFORMATION.


C51 COMPILATION COMPLETE.  0 WARNING(S),  0 ERROR(S)
